<?xml version="1.0" encoding="UTF-8"?>
<testsuite name="com.example.totalWordCounter.TotalWordCounterApplicationTests" tests="1" skipped="0" failures="0" errors="0" timestamp="2021-05-22T00:36:11" hostname="LAPTOP-SU96V0IP" time="0.463">
  <properties/>
  <testcase name="contextLoads()" classname="com.example.totalWordCounter.TotalWordCounterApplicationTests" time="0.463"/>
  <system-out><![CDATA[20:36:07.971 [Test worker] DEBUG org.springframework.test.context.BootstrapUtils - Instantiating CacheAwareContextLoaderDelegate from class [org.springframework.test.context.cache.DefaultCacheAwareContextLoaderDelegate]
20:36:07.994 [Test worker] DEBUG org.springframework.test.context.BootstrapUtils - Instantiating BootstrapContext using constructor [public org.springframework.test.context.support.DefaultBootstrapContext(java.lang.Class,org.springframework.test.context.CacheAwareContextLoaderDelegate)]
20:36:08.069 [Test worker] DEBUG org.springframework.test.context.BootstrapUtils - Instantiating TestContextBootstrapper for test class [com.example.totalWordCounter.TotalWordCounterApplicationTests] from class [org.springframework.boot.test.context.SpringBootTestContextBootstrapper]
20:36:08.102 [Test worker] INFO org.springframework.boot.test.context.SpringBootTestContextBootstrapper - Neither @ContextConfiguration nor @ContextHierarchy found for test class [com.example.totalWordCounter.TotalWordCounterApplicationTests], using SpringBootContextLoader
20:36:08.112 [Test worker] DEBUG org.springframework.test.context.support.AbstractContextLoader - Did not detect default resource location for test class [com.example.totalWordCounter.TotalWordCounterApplicationTests]: class path resource [com/example/totalWordCounter/TotalWordCounterApplicationTests-context.xml] does not exist
20:36:08.113 [Test worker] DEBUG org.springframework.test.context.support.AbstractContextLoader - Did not detect default resource location for test class [com.example.totalWordCounter.TotalWordCounterApplicationTests]: class path resource [com/example/totalWordCounter/TotalWordCounterApplicationTestsContext.groovy] does not exist
20:36:08.113 [Test worker] INFO org.springframework.test.context.support.AbstractContextLoader - Could not detect default resource locations for test class [com.example.totalWordCounter.TotalWordCounterApplicationTests]: no resource found for suffixes {-context.xml, Context.groovy}.
20:36:08.114 [Test worker] INFO org.springframework.test.context.support.AnnotationConfigContextLoaderUtils - Could not detect default configuration classes for test class [com.example.totalWordCounter.TotalWordCounterApplicationTests]: TotalWordCounterApplicationTests does not declare any static, non-private, non-final, nested classes annotated with @Configuration.
20:36:08.218 [Test worker] DEBUG org.springframework.test.context.support.ActiveProfilesUtils - Could not find an 'annotation declaring class' for annotation type [org.springframework.test.context.ActiveProfiles] and class [com.example.totalWordCounter.TotalWordCounterApplicationTests]
20:36:08.389 [Test worker] DEBUG org.springframework.context.annotation.ClassPathScanningCandidateComponentProvider - Identified candidate component class: file [C:\Users\corey\Documents\totalWordCounter\build\classes\java\main\com\example\totalWordCounter\TotalWordCounterApplication.class]
20:36:08.421 [Test worker] INFO org.springframework.boot.test.context.SpringBootTestContextBootstrapper - Found @SpringBootConfiguration com.example.totalWordCounter.TotalWordCounterApplication for test class com.example.totalWordCounter.TotalWordCounterApplicationTests
20:36:08.692 [Test worker] DEBUG org.springframework.boot.test.context.SpringBootTestContextBootstrapper - @TestExecutionListeners is not present for class [com.example.totalWordCounter.TotalWordCounterApplicationTests]: using defaults.
20:36:08.694 [Test worker] INFO org.springframework.boot.test.context.SpringBootTestContextBootstrapper - Loaded default TestExecutionListener class names from location [META-INF/spring.factories]: [org.springframework.boot.test.autoconfigure.restdocs.RestDocsTestExecutionListener, org.springframework.boot.test.autoconfigure.web.client.MockRestServiceServerResetTestExecutionListener, org.springframework.boot.test.autoconfigure.web.servlet.MockMvcPrintOnlyOnFailureTestExecutionListener, org.springframework.boot.test.autoconfigure.web.servlet.WebDriverTestExecutionListener, org.springframework.boot.test.autoconfigure.webservices.client.MockWebServiceServerTestExecutionListener, org.springframework.boot.test.mock.mockito.MockitoTestExecutionListener, org.springframework.boot.test.mock.mockito.ResetMocksTestExecutionListener, org.springframework.test.context.web.ServletTestExecutionListener, org.springframework.test.context.support.DirtiesContextBeforeModesTestExecutionListener, org.springframework.test.context.event.ApplicationEventsTestExecutionListener, org.springframework.test.context.support.DependencyInjectionTestExecutionListener, org.springframework.test.context.support.DirtiesContextTestExecutionListener, org.springframework.test.context.transaction.TransactionalTestExecutionListener, org.springframework.test.context.jdbc.SqlScriptsTestExecutionListener, org.springframework.test.context.event.EventPublishingTestExecutionListener]
20:36:08.724 [Test worker] DEBUG org.springframework.boot.test.context.SpringBootTestContextBootstrapper - Skipping candidate TestExecutionListener [org.springframework.test.context.transaction.TransactionalTestExecutionListener] due to a missing dependency. Specify custom listener classes or make the default listener classes and their required dependencies available. Offending class: [org/springframework/transaction/interceptor/TransactionAttributeSource]
20:36:08.724 [Test worker] DEBUG org.springframework.boot.test.context.SpringBootTestContextBootstrapper - Skipping candidate TestExecutionListener [org.springframework.test.context.jdbc.SqlScriptsTestExecutionListener] due to a missing dependency. Specify custom listener classes or make the default listener classes and their required dependencies available. Offending class: [org/springframework/transaction/interceptor/TransactionAttribute]
20:36:08.725 [Test worker] INFO org.springframework.boot.test.context.SpringBootTestContextBootstrapper - Using TestExecutionListeners: [org.springframework.test.context.web.ServletTestExecutionListener@22018842, org.springframework.test.context.support.DirtiesContextBeforeModesTestExecutionListener@24963e8b, org.springframework.test.context.event.ApplicationEventsTestExecutionListener@3db3a1db, org.springframework.boot.test.mock.mockito.MockitoTestExecutionListener@3a4c4861, org.springframework.boot.test.autoconfigure.SpringBootDependencyInjectionTestExecutionListener@14a184f2, org.springframework.test.context.support.DirtiesContextTestExecutionListener@1d6828b, org.springframework.test.context.event.EventPublishingTestExecutionListener@214b4613, org.springframework.boot.test.autoconfigure.restdocs.RestDocsTestExecutionListener@799c0d1b, org.springframework.boot.test.autoconfigure.web.client.MockRestServiceServerResetTestExecutionListener@610280ce, org.springframework.boot.test.autoconfigure.web.servlet.MockMvcPrintOnlyOnFailureTestExecutionListener@547584bf, org.springframework.boot.test.autoconfigure.web.servlet.WebDriverTestExecutionListener@2f752bfc, org.springframework.boot.test.autoconfigure.webservices.client.MockWebServiceServerTestExecutionListener@36980fdc, org.springframework.boot.test.mock.mockito.ResetMocksTestExecutionListener@4369fd31]
20:36:08.733 [Test worker] DEBUG org.springframework.test.context.support.AbstractDirtiesContextTestExecutionListener - Before test class: context [DefaultTestContext@376253be testClass = TotalWordCounterApplicationTests, testInstance = [null], testMethod = [null], testException = [null], mergedContextConfiguration = [WebMergedContextConfiguration@722802e8 testClass = TotalWordCounterApplicationTests, locations = '{}', classes = '{class com.example.totalWordCounter.TotalWordCounterApplication}', contextInitializerClasses = '[]', activeProfiles = '{}', propertySourceLocations = '{}', propertySourceProperties = '{org.springframework.boot.test.context.SpringBootTestContextBootstrapper=true}', contextCustomizers = set[org.springframework.boot.test.autoconfigure.actuate.metrics.MetricsExportContextCustomizerFactory$DisableMetricExportContextCustomizer@4c0d2dfd, org.springframework.boot.test.autoconfigure.properties.PropertyMappingContextCustomizer@0, org.springframework.boot.test.autoconfigure.web.servlet.WebDriverContextCustomizerFactory$Customizer@40e7e946, org.springframework.boot.test.context.filter.ExcludeFilterContextCustomizer@7f11751e, org.springframework.boot.test.json.DuplicateJsonObjectContextCustomizerFactory$DuplicateJsonObjectContextCustomizer@753348af, org.springframework.boot.test.mock.mockito.MockitoContextCustomizer@0, org.springframework.boot.test.web.client.TestRestTemplateContextCustomizer@cb002d9, org.springframework.boot.test.context.SpringBootTestArgs@1, org.springframework.boot.test.context.SpringBootTestWebEnvironment@243fe362], resourceBasePath = 'src/main/webapp', contextLoader = 'org.springframework.boot.test.context.SpringBootContextLoader', parent = [null]], attributes = map['org.springframework.test.context.web.ServletTestExecutionListener.activateListener' -> true]], class annotated with @DirtiesContext [false] with mode [null].
20:36:08.815 [Test worker] DEBUG org.springframework.test.context.support.TestPropertySourceUtils - Adding inlined properties to environment: {spring.jmx.enabled=false, org.springframework.boot.test.context.SpringBootTestContextBootstrapper=true}

  .   ____          _            __ _ _
 /\\ / ___'_ __ _ _(_)_ __  __ _ \ \ \ \
( ( )\___ | '_ | '_| | '_ \/ _` | \ \ \ \
 \\/  ___)| |_)| | | | | || (_| |  ) ) ) )
  '  |____| .__|_| |_|_| |_\__, | / / / /
 =========|_|==============|___/=/_/_/_/
 :: Spring Boot ::                (v2.5.0)

2021-05-21 20:36:09.417  INFO 13964 --- [    Test worker] c.e.t.TotalWordCounterApplicationTests   : Starting TotalWordCounterApplicationTests using Java 1.8.0_291 on LAPTOP-SU96V0IP with PID 13964 (started by corey in C:\Users\corey\Documents\totalWordCounter)
2021-05-21 20:36:09.421  INFO 13964 --- [    Test worker] c.e.t.TotalWordCounterApplicationTests   : No active profile set, falling back to default profiles: default
2021-05-21 20:36:11.792  INFO 13964 --- [    Test worker] c.e.t.TotalWordCounterApplicationTests   : Started TotalWordCounterApplicationTests in 2.963 seconds (JVM running for 6.351)
2021-05-21 20:36:11.795  INFO 13964 --- [    Test worker] o.s.b.a.ApplicationAvailabilityBean      : Application availability state LivenessState changed to CORRECT
2021-05-21 20:36:11.797  INFO 13964 --- [    Test worker] o.s.b.a.ApplicationAvailabilityBean      : Application availability state ReadinessState changed to ACCEPTING_TRAFFIC
]]></system-out>
  <system-err><![CDATA[]]></system-err>
</testsuite>
